<?xml version="1.0" encoding="UTF-8"?>
<testng-results skipped="0" failed="1" ignored="0" total="4" passed="3">
  <reporter-output>
  </reporter-output>
  <suite name="Command line suite" duration-ms="10367" started-at="2021-12-17T23:48:53 ICT" finished-at="2021-12-17T23:49:04 ICT">
    <groups>
    </groups>
    <test name="Command line test" duration-ms="10367" started-at="2021-12-17T23:48:53 ICT" finished-at="2021-12-17T23:49:04 ICT">
      <class name="test.authentication.LoginTest">
        <test-method status="PASS" signature="beforeTest()[pri:0, instance:test.authentication.LoginTest@66b7550d]" name="beforeTest" is-config="true" duration-ms="9" started-at="2021-12-17T23:48:53 ICT" finished-at="2021-12-17T23:48:53 ICT">
          <reporter-output>
          </reporter-output>
        </test-method> <!-- beforeTest -->
        <test-method status="PASS" signature="beforeClass()[pri:0, instance:test.authentication.LoginTest@66b7550d]" name="beforeClass" is-config="true" duration-ms="0" started-at="2021-12-17T23:48:53 ICT" finished-at="2021-12-17T23:48:53 ICT">
          <reporter-output>
          </reporter-output>
        </test-method> <!-- beforeClass -->
        <test-method status="PASS" signature="openLoginPage()[pri:0, instance:test.authentication.LoginTest@66b7550d]" name="openLoginPage" is-config="true" duration-ms="0" started-at="2021-12-17T23:48:53 ICT" finished-at="2021-12-17T23:48:53 ICT">
          <reporter-output>
          </reporter-output>
        </test-method> <!-- openLoginPage -->
        <test-method status="PASS" signature="loginWithCorrectCreds()[pri:0, instance:test.authentication.LoginTest@66b7550d]" name="loginWithCorrectCreds" duration-ms="9306" started-at="2021-12-17T23:48:53 ICT" finished-at="2021-12-17T23:49:03 ICT">
          <reporter-output>
          </reporter-output>
        </test-method> <!-- loginWithCorrectCreds -->
        <test-method status="PASS" signature="openLoginPage()[pri:0, instance:test.authentication.LoginTest@66b7550d]" name="openLoginPage" is-config="true" duration-ms="0" started-at="2021-12-17T23:49:03 ICT" finished-at="2021-12-17T23:49:03 ICT">
          <reporter-output>
          </reporter-output>
        </test-method> <!-- openLoginPage -->
        <test-method status="FAIL" signature="loginWithIncorrectCreds()[pri:0, instance:test.authentication.LoginTest@66b7550d]" name="loginWithIncorrectCreds" duration-ms="1025" started-at="2021-12-17T23:49:03 ICT" finished-at="2021-12-17T23:49:04 ICT">
          <exception class="java.lang.AssertionError">
            <message>
              <![CDATA[expected [Powered by Elemental Selenium.] but found [Powered by Elemental Selenium]]]>
            </message>
            <full-stacktrace>
              <![CDATA[java.lang.AssertionError: expected [Powered by Elemental Selenium.] but found [Powered by Elemental Selenium]
at org.testng.Assert.fail(Assert.java:99)
at org.testng.Assert.failNotEquals(Assert.java:1037)
at org.testng.Assert.assertEqualsImpl(Assert.java:140)
at org.testng.Assert.assertEquals(Assert.java:122)
at org.testng.Assert.assertEquals(Assert.java:629)
at org.testng.Assert.assertEquals(Assert.java:639)
at test.authentication.LoginTest.loginWithIncorrectCreds(LoginTest.java:88)
at sun.reflect.NativeMethodAccessorImpl.invoke0(Native Method)
at sun.reflect.NativeMethodAccessorImpl.invoke(NativeMethodAccessorImpl.java:62)
at sun.reflect.DelegatingMethodAccessorImpl.invoke(DelegatingMethodAccessorImpl.java:43)
at java.lang.reflect.Method.invoke(Method.java:498)
at org.testng.internal.MethodInvocationHelper.invokeMethod(MethodInvocationHelper.java:133)
at org.testng.internal.TestInvoker.invokeMethod(TestInvoker.java:598)
at org.testng.internal.TestInvoker.invokeTestMethod(TestInvoker.java:173)
at org.testng.internal.MethodRunner.runInSequence(MethodRunner.java:46)
at org.testng.internal.TestInvoker$MethodInvocationAgent.invoke(TestInvoker.java:824)
at org.testng.internal.TestInvoker.invokeTestMethods(TestInvoker.java:146)
at org.testng.internal.TestMethodWorker.invokeTestMethods(TestMethodWorker.java:146)
at org.testng.internal.TestMethodWorker.run(TestMethodWorker.java:128)
at java.util.ArrayList.forEach(ArrayList.java:1259)
at org.testng.TestRunner.privateRun(TestRunner.java:794)
at org.testng.TestRunner.run(TestRunner.java:596)
at org.testng.SuiteRunner.runTest(SuiteRunner.java:377)
at org.testng.SuiteRunner.runSequentially(SuiteRunner.java:371)
at org.testng.SuiteRunner.privateRun(SuiteRunner.java:332)
at org.testng.SuiteRunner.run(SuiteRunner.java:276)
at org.testng.SuiteRunnerWorker.runSuite(SuiteRunnerWorker.java:53)
at org.testng.SuiteRunnerWorker.run(SuiteRunnerWorker.java:96)
at org.testng.TestNG.runSuitesSequentially(TestNG.java:1212)
at org.testng.TestNG.runSuitesLocally(TestNG.java:1134)
at org.testng.TestNG.runSuites(TestNG.java:1063)
at org.testng.TestNG.run(TestNG.java:1031)
at org.apache.maven.surefire.testng.TestNGExecutor.run(TestNGExecutor.java:77)
at org.apache.maven.surefire.testng.TestNGDirectoryTestSuite.executeMulti(TestNGDirectoryTestSuite.java:159)
at org.apache.maven.surefire.testng.TestNGDirectoryTestSuite.execute(TestNGDirectoryTestSuite.java:99)
at org.apache.maven.surefire.testng.TestNGProvider.invoke(TestNGProvider.java:106)
at sun.reflect.NativeMethodAccessorImpl.invoke0(Native Method)
at sun.reflect.NativeMethodAccessorImpl.invoke(NativeMethodAccessorImpl.java:62)
at sun.reflect.DelegatingMethodAccessorImpl.invoke(DelegatingMethodAccessorImpl.java:43)
at java.lang.reflect.Method.invoke(Method.java:498)
at org.apache.maven.surefire.util.ReflectionUtils.invokeMethodWithArray(ReflectionUtils.java:189)
at org.apache.maven.surefire.booter.ProviderFactory$ProviderProxy.invoke(ProviderFactory.java:165)
at org.apache.maven.surefire.booter.ProviderFactory.invokeProvider(ProviderFactory.java:85)
at org.apache.maven.surefire.booter.ForkedBooter.runSuitesInProcess(ForkedBooter.java:115)
at org.apache.maven.surefire.booter.ForkedBooter.main(ForkedBooter.java:75)
]]>
            </full-stacktrace>
          </exception> <!-- java.lang.AssertionError -->
          <reporter-output>
          </reporter-output>
        </test-method> <!-- loginWithIncorrectCreds -->
      </class> <!-- test.authentication.LoginTest -->
      <class name="test.authentication.SignUpTest">
        <test-method status="PASS" signature="beforeTest()[pri:0, instance:test.authentication.SignUpTest@3b2c0e88]" name="beforeTest" is-config="true" duration-ms="0" started-at="2021-12-17T23:48:53 ICT" finished-at="2021-12-17T23:48:53 ICT">
          <reporter-output>
          </reporter-output>
        </test-method> <!-- beforeTest -->
        <test-method status="PASS" signature="beforeClass()[pri:0, instance:test.authentication.SignUpTest@3b2c0e88]" name="beforeClass" is-config="true" duration-ms="0" started-at="2021-12-17T23:49:04 ICT" finished-at="2021-12-17T23:49:04 ICT">
          <reporter-output>
          </reporter-output>
        </test-method> <!-- beforeClass -->
        <test-method status="PASS" signature="openLoginPage()[pri:0, instance:test.authentication.SignUpTest@3b2c0e88]" name="openLoginPage" is-config="true" duration-ms="0" started-at="2021-12-17T23:49:04 ICT" finished-at="2021-12-17T23:49:04 ICT">
          <reporter-output>
          </reporter-output>
        </test-method> <!-- openLoginPage -->
        <test-method status="PASS" signature="signUpM01()[pri:0, instance:test.authentication.SignUpTest@3b2c0e88]" name="signUpM01" duration-ms="0" started-at="2021-12-17T23:49:04 ICT" finished-at="2021-12-17T23:49:04 ICT">
          <reporter-output>
          </reporter-output>
        </test-method> <!-- signUpM01 -->
        <test-method status="PASS" signature="openLoginPage()[pri:0, instance:test.authentication.SignUpTest@3b2c0e88]" name="openLoginPage" is-config="true" duration-ms="0" started-at="2021-12-17T23:49:04 ICT" finished-at="2021-12-17T23:49:04 ICT">
          <reporter-output>
          </reporter-output>
        </test-method> <!-- openLoginPage -->
        <test-method status="PASS" signature="signUpM02()[pri:0, instance:test.authentication.SignUpTest@3b2c0e88]" name="signUpM02" duration-ms="0" started-at="2021-12-17T23:49:04 ICT" finished-at="2021-12-17T23:49:04 ICT">
          <reporter-output>
          </reporter-output>
        </test-method> <!-- signUpM02 -->
      </class> <!-- test.authentication.SignUpTest -->
    </test> <!-- Command line test -->
  </suite> <!-- Command line suite -->
</testng-results>
